Build started 4/2/2016 9:41:43 PM.
     1>Project "E:\Dai Hoc\Do an\Do an Mang\Source code\HookKeyboard\HookKeyboard\HookKeyboard.vcxproj" on node 2 (Build target(s)).
     1>ClCompile:
         E:\DevTools\VS 2013\VC\bin\CL.exe /c /ZI /nologo /W3 /WX- /Od /Oy- /D WIN32 /D _DEBUG /D _CONSOLE /D _UNICODE /D UNICODE /Gm /EHsc /RTC1 /MDd /GS /fp:precise /Zc:wchar_t /Zc:forScope /Fo"Debug\\" /Fd"Debug\vc120.pdb" /Gd /TP /analyze- /errorReport:prompt HookKeyboard.cpp
         HookKeyboard.cpp
     1>e:\dai hoc\do an\do an mang\source code\hookkeyboard\hookkeyboard\hookkeyboard.cpp(45): warning C4996: 'wcstombs': This function or variable may be unsafe. Consider using wcstombs_s instead. To disable deprecation, use _CRT_SECURE_NO_WARNINGS. See online help for details.
                 e:\devtools\vs 2013\vc\include\stdlib.h(575) : see declaration of 'wcstombs'
     1>e:\dai hoc\do an\do an mang\source code\hookkeyboard\hookkeyboard\hookkeyboard.cpp(51): warning C4996: 'strcpy': This function or variable may be unsafe. Consider using strcpy_s instead. To disable deprecation, use _CRT_SECURE_NO_WARNINGS. See online help for details.
                 e:\devtools\vs 2013\vc\include\string.h(112) : see declaration of 'strcpy'
     1>e:\dai hoc\do an\do an mang\source code\hookkeyboard\hookkeyboard\hookkeyboard.cpp(54): warning C4996: 'strcpy': This function or variable may be unsafe. Consider using strcpy_s instead. To disable deprecation, use _CRT_SECURE_NO_WARNINGS. See online help for details.
                 e:\devtools\vs 2013\vc\include\string.h(112) : see declaration of 'strcpy'
     1>e:\dai hoc\do an\do an mang\source code\hookkeyboard\hookkeyboard\hookkeyboard.cpp(57): warning C4996: 'strcpy': This function or variable may be unsafe. Consider using strcpy_s instead. To disable deprecation, use _CRT_SECURE_NO_WARNINGS. See online help for details.
                 e:\devtools\vs 2013\vc\include\string.h(112) : see declaration of 'strcpy'
     1>e:\dai hoc\do an\do an mang\source code\hookkeyboard\hookkeyboard\hookkeyboard.cpp(60): warning C4996: 'strcpy': This function or variable may be unsafe. Consider using strcpy_s instead. To disable deprecation, use _CRT_SECURE_NO_WARNINGS. See online help for details.
                 e:\devtools\vs 2013\vc\include\string.h(112) : see declaration of 'strcpy'
     1>e:\dai hoc\do an\do an mang\source code\hookkeyboard\hookkeyboard\hookkeyboard.cpp(63): warning C4996: 'strcpy': This function or variable may be unsafe. Consider using strcpy_s instead. To disable deprecation, use _CRT_SECURE_NO_WARNINGS. See online help for details.
                 e:\devtools\vs 2013\vc\include\string.h(112) : see declaration of 'strcpy'
     1>e:\dai hoc\do an\do an mang\source code\hookkeyboard\hookkeyboard\hookkeyboard.cpp(66): warning C4996: 'strcpy': This function or variable may be unsafe. Consider using strcpy_s instead. To disable deprecation, use _CRT_SECURE_NO_WARNINGS. See online help for details.
                 e:\devtools\vs 2013\vc\include\string.h(112) : see declaration of 'strcpy'
     1>e:\dai hoc\do an\do an mang\source code\hookkeyboard\hookkeyboard\hookkeyboard.cpp(69): warning C4996: 'strcpy': This function or variable may be unsafe. Consider using strcpy_s instead. To disable deprecation, use _CRT_SECURE_NO_WARNINGS. See online help for details.
                 e:\devtools\vs 2013\vc\include\string.h(112) : see declaration of 'strcpy'
     1>e:\dai hoc\do an\do an mang\source code\hookkeyboard\hookkeyboard\hookkeyboard.cpp(78): warning C4996: 'strcpy': This function or variable may be unsafe. Consider using strcpy_s instead. To disable deprecation, use _CRT_SECURE_NO_WARNINGS. See online help for details.
                 e:\devtools\vs 2013\vc\include\string.h(112) : see declaration of 'strcpy'
     1>e:\dai hoc\do an\do an mang\source code\hookkeyboard\hookkeyboard\hookkeyboard.cpp(79): warning C4996: 'strcat': This function or variable may be unsafe. Consider using strcat_s instead. To disable deprecation, use _CRT_SECURE_NO_WARNINGS. See online help for details.
                 e:\devtools\vs 2013\vc\include\string.h(118) : see declaration of 'strcat'
     1>e:\dai hoc\do an\do an mang\source code\hookkeyboard\hookkeyboard\hookkeyboard.cpp(80): warning C4996: 'strcat': This function or variable may be unsafe. Consider using strcat_s instead. To disable deprecation, use _CRT_SECURE_NO_WARNINGS. See online help for details.
                 e:\devtools\vs 2013\vc\include\string.h(118) : see declaration of 'strcat'
     1>e:\dai hoc\do an\do an mang\source code\hookkeyboard\hookkeyboard\hookkeyboard.cpp(81): warning C4996: 'strcpy': This function or variable may be unsafe. Consider using strcpy_s instead. To disable deprecation, use _CRT_SECURE_NO_WARNINGS. See online help for details.
                 e:\devtools\vs 2013\vc\include\string.h(112) : see declaration of 'strcpy'
       Link:
         E:\DevTools\VS 2013\VC\bin\link.exe /ERRORREPORT:PROMPT /OUT:"E:\Dai Hoc\Do an\Do an Mang\Source code\HookKeyboard\Debug\HookKeyboard.exe" /INCREMENTAL:NO /NOLOGO kernel32.lib user32.lib gdi32.lib winspool.lib comdlg32.lib advapi32.lib shell32.lib ole32.lib oleaut32.lib uuid.lib odbc32.lib odbccp32.lib /MANIFEST /MANIFESTUAC:"level='asInvoker' uiAccess='false'" /manifest:embed /DEBUG /PDB:"E:\Dai Hoc\Do an\Do an Mang\Source code\HookKeyboard\Debug\HookKeyboard.pdb" /SUBSYSTEM:CONSOLE /TLBID:1 /DYNAMICBASE /NXCOMPAT /IMPLIB:"E:\Dai Hoc\Do an\Do an Mang\Source code\HookKeyboard\Debug\HookKeyboard.lib" /MACHINE:X86 Debug\HookKeyboard.obj
         Debug\saveCode.obj
     1>HookKeyboard.obj : warning LNK4075: ignoring '/EDITANDCONTINUE' due to '/OPT:LBR' specification
         HookKeyboard.vcxproj -> E:\Dai Hoc\Do an\Do an Mang\Source code\HookKeyboard\Debug\HookKeyboard.exe
     1>Done Building Project "E:\Dai Hoc\Do an\Do an Mang\Source code\HookKeyboard\HookKeyboard\HookKeyboard.vcxproj" (Build target(s)).

Build succeeded.

Time Elapsed 00:00:01.07
